app/build/intermediates/manifest_merge_blame_file/debug/manifest-merger-blame-debug-report.txt
1<?xml version="1.0" encoding="utf-8"?>
2<manifest xmlns:android="http://schemas.android.com/apk/res/android"
3    package="com.example.wankerbank"
4    android:versionCode="1"
5    android:versionName="1.0" >
6
7    <uses-sdk
8        android:minSdkVersion="24"
8-->src/main/AndroidManifest.xml
9        android:targetSdkVersion="30" />
9-->src/main/AndroidManifest.xml
10
11    <uses-permission android:name="android.permission.INTERNET" />
11-->src/main/AndroidManifest.xml:6:5-66
11-->src/main/AndroidManifest.xml:6:22-64
12    <uses-permission android:name="android.permission.ACCESS_NETWORK_STATE" />
12-->src/main/AndroidManifest.xml:7:5-78
12-->src/main/AndroidManifest.xml:7:22-76
13    <uses-permission android:name="android.permission.CALL_PHONE" />
13-->src/main/AndroidManifest.xml:8:5-68
13-->src/main/AndroidManifest.xml:8:22-66
14
15    <application
15-->src/main/AndroidManifest.xml:10:5-48:19
16        android:allowBackup="true"
16-->src/main/AndroidManifest.xml:11:13-39
17        android:appComponentFactory="androidx.core.app.CoreComponentFactory"
17-->[androidx.core:core:1.3.2] AndroidManifest.xml:24:18-86
18        android:debuggable="true"
19        android:extractNativeLibs="false"
20        android:icon="@mipmap/ic_launcher"
20-->src/main/AndroidManifest.xml:12:13-47
21        android:label="@string/app_name"
21-->src/main/AndroidManifest.xml:13:13-45
22        android:roundIcon="@mipmap/ic_launcher_round"
22-->src/main/AndroidManifest.xml:14:13-58
23        android:supportsRtl="true"
23-->src/main/AndroidManifest.xml:15:13-39
24        android:testOnly="true"
25        android:theme="@style/AppTheme" >
25-->src/main/AndroidManifest.xml:16:13-44
26        <activity android:name="com.example.wankerbank.Helper" >
26-->src/main/AndroidManifest.xml:17:9-18:20
26-->src/main/AndroidManifest.xml:17:19-41
27        </activity>
28        <activity android:name="com.example.wankerbank.HistoryComponent" >
28-->src/main/AndroidManifest.xml:19:9-22:20
28-->src/main/AndroidManifest.xml:20:17-49
29        </activity>
30        <activity android:name="com.example.wankerbank.Deposit" >
30-->src/main/AndroidManifest.xml:23:9-24:20
30-->src/main/AndroidManifest.xml:23:19-42
31        </activity>
32        <activity android:name="com.example.wankerbank.WidthDraw" >
32-->src/main/AndroidManifest.xml:25:9-26:20
32-->src/main/AndroidManifest.xml:25:19-44
33        </activity>
34        <activity android:name="com.example.wankerbank.History" >
34-->src/main/AndroidManifest.xml:27:9-28:20
34-->src/main/AndroidManifest.xml:27:19-42
35        </activity>
36        <activity android:name="com.example.wankerbank.Transfer" >
36-->src/main/AndroidManifest.xml:29:9-30:20
36-->src/main/AndroidManifest.xml:29:19-43
37        </activity>
38        <activity android:name="com.example.wankerbank.Register" >
38-->src/main/AndroidManifest.xml:31:9-32:20
38-->src/main/AndroidManifest.xml:31:19-43
39        </activity>
40        <activity android:name="com.example.wankerbank.Login" >
40-->src/main/AndroidManifest.xml:33:9-34:20
40-->src/main/AndroidManifest.xml:33:19-40
41        </activity>
42        <activity android:name="com.example.wankerbank.Dashboard" >
42-->src/main/AndroidManifest.xml:35:9-36:20
42-->src/main/AndroidManifest.xml:35:19-44
43        </activity>
44        <activity android:name="com.example.wankerbank.MainActivity" >
44-->src/main/AndroidManifest.xml:37:9-43:20
44-->src/main/AndroidManifest.xml:37:19-47
45            <intent-filter>
45-->src/main/AndroidManifest.xml:38:13-42:29
46                <action android:name="android.intent.action.MAIN" />
46-->src/main/AndroidManifest.xml:39:17-68
46-->src/main/AndroidManifest.xml:39:25-66
47
48                <category android:name="android.intent.category.LAUNCHER" />
48-->src/main/AndroidManifest.xml:41:17-76
48-->src/main/AndroidManifest.xml:41:27-74
49            </intent-filter>
50        </activity>
51
52        <meta-data
52-->src/main/AndroidManifest.xml:45:9-47:60
53            android:name="preloaded_fonts"
53-->src/main/AndroidManifest.xml:46:17-47
54            android:resource="@array/preloaded_fonts" />
54-->src/main/AndroidManifest.xml:47:17-58
55    </application>
56
57</manifest>